{"/Users/molvqingtai/Desktop/code/event-hub/src/index.ts": {"path":"/Users/molvqingtai/Desktop/code/event-hub/src/index.ts","all":false,"statementMap":{"0":{"start":{"line":1,"column":0},"end":{"line":1,"column":31}},"1":{"start":{"line":2,"column":0},"end":{"line":2,"column":57}},"2":{"start":{"line":3,"column":0},"end":{"line":3,"column":49}},"3":{"start":{"line":4,"column":0},"end":{"line":4,"column":0}},"4":{"start":{"line":5,"column":0},"end":{"line":5,"column":57}},"5":{"start":{"line":6,"column":0},"end":{"line":6,"column":40}},"6":{"start":{"line":7,"column":0},"end":{"line":7,"column":92}},"7":{"start":{"line":8,"column":0},"end":{"line":8,"column":6}},"8":{"start":{"line":9,"column":0},"end":{"line":9,"column":3}},"9":{"start":{"line":10,"column":0},"end":{"line":10,"column":0}},"10":{"start":{"line":11,"column":0},"end":{"line":11,"column":48}},"11":{"start":{"line":12,"column":0},"end":{"line":12,"column":27}},"12":{"start":{"line":13,"column":0},"end":{"line":13,"column":30}},"13":{"start":{"line":14,"column":0},"end":{"line":14,"column":3}},"14":{"start":{"line":15,"column":0},"end":{"line":15,"column":0}},"15":{"start":{"line":16,"column":0},"end":{"line":16,"column":49}},"16":{"start":{"line":17,"column":0},"end":{"line":17,"column":47}},"17":{"start":{"line":18,"column":0},"end":{"line":18,"column":22}},"18":{"start":{"line":19,"column":0},"end":{"line":19,"column":91}},"19":{"start":{"line":20,"column":0},"end":{"line":20,"column":6}},"20":{"start":{"line":21,"column":0},"end":{"line":21,"column":3}},"21":{"start":{"line":22,"column":0},"end":{"line":22,"column":0}},"22":{"start":{"line":23,"column":0},"end":{"line":23,"column":60}},"23":{"start":{"line":24,"column":0},"end":{"line":24,"column":30}},"24":{"start":{"line":25,"column":0},"end":{"line":25,"column":22}},"25":{"start":{"line":26,"column":0},"end":{"line":26,"column":12}},"26":{"start":{"line":27,"column":0},"end":{"line":27,"column":42}},"27":{"start":{"line":28,"column":0},"end":{"line":28,"column":36}},"28":{"start":{"line":29,"column":0},"end":{"line":29,"column":32}},"29":{"start":{"line":30,"column":0},"end":{"line":30,"column":16}},"30":{"start":{"line":31,"column":0},"end":{"line":31,"column":101}},"31":{"start":{"line":32,"column":0},"end":{"line":32,"column":9}},"32":{"start":{"line":33,"column":0},"end":{"line":33,"column":8}},"33":{"start":{"line":34,"column":0},"end":{"line":34,"column":5}},"34":{"start":{"line":35,"column":0},"end":{"line":35,"column":3}},"35":{"start":{"line":36,"column":0},"end":{"line":36,"column":1}}},"s":{"0":5,"1":5,"2":5,"3":5,"4":5,"5":7,"6":7,"7":7,"8":7,"9":5,"10":5,"11":1,"12":1,"13":1,"14":5,"15":5,"16":6,"17":3,"18":3,"19":6,"20":6,"21":5,"22":5,"23":3,"24":1,"25":3,"26":2,"27":2,"28":1,"29":1,"30":1,"31":1,"32":2,"33":2,"34":3,"35":5},"branchMap":{"0":{"type":"branch","line":1,"loc":{"start":{"line":1,"column":0},"end":{"line":36,"column":1}},"locations":[{"start":{"line":1,"column":0},"end":{"line":36,"column":1}}]},"1":{"type":"branch","line":5,"loc":{"start":{"line":5,"column":2},"end":{"line":9,"column":3}},"locations":[{"start":{"line":5,"column":2},"end":{"line":9,"column":3}}]},"2":{"type":"branch","line":6,"loc":{"start":{"line":6,"column":28},"end":{"line":8,"column":5}},"locations":[{"start":{"line":6,"column":28},"end":{"line":8,"column":5}}]},"3":{"type":"branch","line":7,"loc":{"start":{"line":7,"column":59},"end":{"line":8,"column":5}},"locations":[{"start":{"line":7,"column":59},"end":{"line":8,"column":5}}]},"4":{"type":"branch","line":11,"loc":{"start":{"line":11,"column":2},"end":{"line":14,"column":3}},"locations":[{"start":{"line":11,"column":2},"end":{"line":14,"column":3}}]},"5":{"type":"branch","line":16,"loc":{"start":{"line":16,"column":2},"end":{"line":21,"column":3}},"locations":[{"start":{"line":16,"column":2},"end":{"line":21,"column":3}}]},"6":{"type":"branch","line":17,"loc":{"start":{"line":17,"column":33},"end":{"line":20,"column":5}},"locations":[{"start":{"line":17,"column":33},"end":{"line":20,"column":5}}]},"7":{"type":"branch","line":19,"loc":{"start":{"line":19,"column":32},"end":{"line":19,"column":65}},"locations":[{"start":{"line":19,"column":32},"end":{"line":19,"column":65}}]},"8":{"type":"branch","line":19,"loc":{"start":{"line":19,"column":65},"end":{"line":19,"column":91}},"locations":[{"start":{"line":19,"column":65},"end":{"line":19,"column":91}}]},"9":{"type":"branch","line":23,"loc":{"start":{"line":23,"column":2},"end":{"line":35,"column":3}},"locations":[{"start":{"line":23,"column":2},"end":{"line":35,"column":3}}]},"10":{"type":"branch","line":24,"loc":{"start":{"line":24,"column":29},"end":{"line":26,"column":11}},"locations":[{"start":{"line":24,"column":29},"end":{"line":26,"column":11}}]},"11":{"type":"branch","line":26,"loc":{"start":{"line":26,"column":5},"end":{"line":34,"column":5}},"locations":[{"start":{"line":26,"column":5},"end":{"line":34,"column":5}}]},"12":{"type":"branch","line":27,"loc":{"start":{"line":27,"column":30},"end":{"line":33,"column":7}},"locations":[{"start":{"line":27,"column":30},"end":{"line":33,"column":7}}]},"13":{"type":"branch","line":28,"loc":{"start":{"line":28,"column":35},"end":{"line":32,"column":9}},"locations":[{"start":{"line":28,"column":35},"end":{"line":32,"column":9}}]},"14":{"type":"branch","line":31,"loc":{"start":{"line":31,"column":39},"end":{"line":31,"column":100}},"locations":[{"start":{"line":31,"column":39},"end":{"line":31,"column":100}}]},"15":{"type":"branch","line":31,"loc":{"start":{"line":31,"column":72},"end":{"line":31,"column":100}},"locations":[{"start":{"line":31,"column":72},"end":{"line":31,"column":100}}]}},"b":{"0":[5],"1":[7],"2":[7],"3":[5],"4":[1],"5":[6],"6":[3],"7":[1],"8":[1],"9":[3],"10":[1],"11":[2],"12":[2],"13":[1],"14":[2],"15":[1]},"fnMap":{"0":{"name":"EventHub","decl":{"start":{"line":1,"column":0},"end":{"line":36,"column":1}},"loc":{"start":{"line":1,"column":0},"end":{"line":36,"column":1}},"line":1},"1":{"name":"on","decl":{"start":{"line":5,"column":2},"end":{"line":9,"column":3}},"loc":{"start":{"line":5,"column":2},"end":{"line":9,"column":3}},"line":5},"2":{"name":"once","decl":{"start":{"line":11,"column":2},"end":{"line":14,"column":3}},"loc":{"start":{"line":11,"column":2},"end":{"line":14,"column":3}},"line":11},"3":{"name":"emit","decl":{"start":{"line":16,"column":2},"end":{"line":21,"column":3}},"loc":{"start":{"line":16,"column":2},"end":{"line":21,"column":3}},"line":16},"4":{"name":"off","decl":{"start":{"line":23,"column":2},"end":{"line":35,"column":3}},"loc":{"start":{"line":23,"column":2},"end":{"line":35,"column":3}},"line":23}},"f":{"0":5,"1":7,"2":1,"3":6,"4":3}}
}
