{"/Users/molvqingtai/Developer/code/event-hub/src/index.ts": {"path":"/Users/molvqingtai/Developer/code/event-hub/src/index.ts","all":false,"statementMap":{"0":{"start":{"line":1,"column":0},"end":{"line":1,"column":28}},"1":{"start":{"line":2,"column":0},"end":{"line":2,"column":31}},"2":{"start":{"line":3,"column":0},"end":{"line":3,"column":90}},"3":{"start":{"line":4,"column":0},"end":{"line":4,"column":0}},"4":{"start":{"line":5,"column":0},"end":{"line":5,"column":79}},"5":{"start":{"line":6,"column":0},"end":{"line":6,"column":40}},"6":{"start":{"line":7,"column":0},"end":{"line":7,"column":114}},"7":{"start":{"line":8,"column":0},"end":{"line":8,"column":6}},"8":{"start":{"line":9,"column":0},"end":{"line":9,"column":3}},"9":{"start":{"line":10,"column":0},"end":{"line":10,"column":0}},"10":{"start":{"line":11,"column":0},"end":{"line":11,"column":55}},"11":{"start":{"line":12,"column":0},"end":{"line":12,"column":35}},"12":{"start":{"line":13,"column":0},"end":{"line":13,"column":3}},"13":{"start":{"line":14,"column":0},"end":{"line":14,"column":0}},"14":{"start":{"line":15,"column":0},"end":{"line":15,"column":47}},"15":{"start":{"line":16,"column":0},"end":{"line":16,"column":34}},"16":{"start":{"line":17,"column":0},"end":{"line":17,"column":3}},"17":{"start":{"line":18,"column":0},"end":{"line":18,"column":0}},"18":{"start":{"line":19,"column":0},"end":{"line":19,"column":44}},"19":{"start":{"line":20,"column":0},"end":{"line":20,"column":63}},"20":{"start":{"line":21,"column":0},"end":{"line":21,"column":22}},"21":{"start":{"line":22,"column":0},"end":{"line":22,"column":42}},"22":{"start":{"line":23,"column":0},"end":{"line":23,"column":6}},"23":{"start":{"line":24,"column":0},"end":{"line":24,"column":3}},"24":{"start":{"line":25,"column":0},"end":{"line":25,"column":0}},"25":{"start":{"line":26,"column":0},"end":{"line":26,"column":58}},"26":{"start":{"line":27,"column":0},"end":{"line":27,"column":30}},"27":{"start":{"line":28,"column":0},"end":{"line":28,"column":28}},"28":{"start":{"line":29,"column":0},"end":{"line":29,"column":12}},"29":{"start":{"line":30,"column":0},"end":{"line":30,"column":42}},"30":{"start":{"line":31,"column":0},"end":{"line":31,"column":36}},"31":{"start":{"line":32,"column":0},"end":{"line":32,"column":38}},"32":{"start":{"line":33,"column":0},"end":{"line":33,"column":16}},"33":{"start":{"line":34,"column":0},"end":{"line":34,"column":72}},"34":{"start":{"line":35,"column":0},"end":{"line":35,"column":67}},"35":{"start":{"line":36,"column":0},"end":{"line":36,"column":12}},"36":{"start":{"line":37,"column":0},"end":{"line":37,"column":9}},"37":{"start":{"line":38,"column":0},"end":{"line":38,"column":8}},"38":{"start":{"line":39,"column":0},"end":{"line":39,"column":5}},"39":{"start":{"line":40,"column":0},"end":{"line":40,"column":3}},"40":{"start":{"line":41,"column":0},"end":{"line":41,"column":1}}},"s":{"0":1,"1":1,"2":1,"3":1,"4":1,"5":9,"6":10,"7":9,"8":9,"9":1,"10":1,"11":8,"12":8,"13":1,"14":1,"15":1,"16":1,"17":1,"18":1,"19":9,"20":6,"21":6,"22":9,"23":9,"24":1,"25":1,"26":3,"27":1,"28":3,"29":2,"30":2,"31":1,"32":1,"33":1,"34":2,"35":1,"36":1,"37":2,"38":2,"39":3,"40":1},"branchMap":{"0":{"type":"branch","line":3,"loc":{"start":{"line":3,"column":19},"end":{"line":3,"column":90}},"locations":[{"start":{"line":3,"column":19},"end":{"line":3,"column":90}}]},"1":{"type":"branch","line":5,"loc":{"start":{"line":5,"column":10},"end":{"line":9,"column":3}},"locations":[{"start":{"line":5,"column":10},"end":{"line":9,"column":3}}]},"2":{"type":"branch","line":6,"loc":{"start":{"line":6,"column":28},"end":{"line":8,"column":5}},"locations":[{"start":{"line":6,"column":28},"end":{"line":8,"column":5}}]},"3":{"type":"branch","line":7,"loc":{"start":{"line":7,"column":56},"end":{"line":7,"column":63}},"locations":[{"start":{"line":7,"column":56},"end":{"line":7,"column":63}}]},"4":{"type":"branch","line":7,"loc":{"start":{"line":7,"column":80},"end":{"line":7,"column":113}},"locations":[{"start":{"line":7,"column":80},"end":{"line":7,"column":113}}]},"5":{"type":"branch","line":11,"loc":{"start":{"line":11,"column":2},"end":{"line":13,"column":3}},"locations":[{"start":{"line":11,"column":2},"end":{"line":13,"column":3}}]},"6":{"type":"branch","line":15,"loc":{"start":{"line":15,"column":2},"end":{"line":17,"column":3}},"locations":[{"start":{"line":15,"column":2},"end":{"line":17,"column":3}}]},"7":{"type":"branch","line":19,"loc":{"start":{"line":19,"column":2},"end":{"line":24,"column":3}},"locations":[{"start":{"line":19,"column":2},"end":{"line":24,"column":3}}]},"8":{"type":"branch","line":20,"loc":{"start":{"line":20,"column":28},"end":{"line":20,"column":39}},"locations":[{"start":{"line":20,"column":28},"end":{"line":20,"column":39}}]},"9":{"type":"branch","line":20,"loc":{"start":{"line":20,"column":39},"end":{"line":23,"column":5}},"locations":[{"start":{"line":20,"column":39},"end":{"line":23,"column":5}}]},"10":{"type":"branch","line":22,"loc":{"start":{"line":22,"column":6},"end":{"line":22,"column":42}},"locations":[{"start":{"line":22,"column":6},"end":{"line":22,"column":42}}]},"11":{"type":"branch","line":26,"loc":{"start":{"line":26,"column":2},"end":{"line":40,"column":3}},"locations":[{"start":{"line":26,"column":2},"end":{"line":40,"column":3}}]},"12":{"type":"branch","line":27,"loc":{"start":{"line":27,"column":29},"end":{"line":29,"column":11}},"locations":[{"start":{"line":27,"column":29},"end":{"line":29,"column":11}}]},"13":{"type":"branch","line":29,"loc":{"start":{"line":29,"column":4},"end":{"line":39,"column":5}},"locations":[{"start":{"line":29,"column":4},"end":{"line":39,"column":5}}]},"14":{"type":"branch","line":30,"loc":{"start":{"line":30,"column":30},"end":{"line":38,"column":7}},"locations":[{"start":{"line":30,"column":30},"end":{"line":38,"column":7}}]},"15":{"type":"branch","line":31,"loc":{"start":{"line":31,"column":35},"end":{"line":37,"column":9}},"locations":[{"start":{"line":31,"column":35},"end":{"line":37,"column":9}}]},"16":{"type":"branch","line":34,"loc":{"start":{"line":34,"column":45},"end":{"line":36,"column":11}},"locations":[{"start":{"line":34,"column":45},"end":{"line":36,"column":11}}]},"17":{"type":"branch","line":35,"loc":{"start":{"line":35,"column":32},"end":{"line":35,"column":67}},"locations":[{"start":{"line":35,"column":32},"end":{"line":35,"column":67}}]}},"b":{"0":[5],"1":[9],"2":[10],"3":[2],"4":[8],"5":[8],"6":[1],"7":[9],"8":[5],"9":[6],"10":[1],"11":[3],"12":[1],"13":[2],"14":[2],"15":[1],"16":[2],"17":[1]},"fnMap":{"0":{"name":"<instance_members_initializer>","decl":{"start":{"line":3,"column":19},"end":{"line":3,"column":90}},"loc":{"start":{"line":3,"column":19},"end":{"line":3,"column":90}},"line":3},"1":{"name":"add","decl":{"start":{"line":5,"column":10},"end":{"line":9,"column":3}},"loc":{"start":{"line":5,"column":10},"end":{"line":9,"column":3}},"line":5},"2":{"name":"on","decl":{"start":{"line":11,"column":2},"end":{"line":13,"column":3}},"loc":{"start":{"line":11,"column":2},"end":{"line":13,"column":3}},"line":11},"3":{"name":"once","decl":{"start":{"line":15,"column":2},"end":{"line":17,"column":3}},"loc":{"start":{"line":15,"column":2},"end":{"line":17,"column":3}},"line":15},"4":{"name":"emit","decl":{"start":{"line":19,"column":2},"end":{"line":24,"column":3}},"loc":{"start":{"line":19,"column":2},"end":{"line":24,"column":3}},"line":19},"5":{"name":"off","decl":{"start":{"line":26,"column":2},"end":{"line":40,"column":3}},"loc":{"start":{"line":26,"column":2},"end":{"line":40,"column":3}},"line":26}},"f":{"0":5,"1":9,"2":8,"3":1,"4":9,"5":3}}
}
