TN:
SF:src/index.ts
FN:1,EventHub
FN:5,on
FN:11,once
FN:16,emit
FN:23,off
FNF:5
FNH:5
FNDA:5,EventHub
FNDA:7,on
FNDA:1,once
FNDA:6,emit
FNDA:3,off
DA:1,5
DA:2,5
DA:3,5
DA:4,5
DA:5,5
DA:6,7
DA:7,7
DA:8,7
DA:9,7
DA:10,5
DA:11,5
DA:12,1
DA:13,1
DA:14,1
DA:15,5
DA:16,5
DA:17,6
DA:18,3
DA:19,3
DA:20,6
DA:21,6
DA:22,5
DA:23,5
DA:24,3
DA:25,1
DA:26,3
DA:27,2
DA:28,2
DA:29,1
DA:30,1
DA:31,1
DA:32,1
DA:33,2
DA:34,2
DA:35,3
DA:36,5
LF:36
LH:36
BRDA:1,0,0,5
BRDA:5,1,0,7
BRDA:6,2,0,7
BRDA:7,3,0,5
BRDA:11,4,0,1
BRDA:16,5,0,6
BRDA:17,6,0,3
BRDA:19,7,0,1
BRDA:19,8,0,1
BRDA:23,9,0,3
BRDA:24,10,0,1
BRDA:26,11,0,2
BRDA:27,12,0,2
BRDA:28,13,0,1
BRDA:31,14,0,2
BRDA:31,15,0,1
BRF:16
BRH:16
end_of_record
