TN:
SF:src/index.ts
FN:2,<instance_members_initializer>
FN:4,add
FN:10,on
FN:14,once
FN:18,emit
FN:25,off
FNF:6
FNH:6
FNDA:5,<instance_members_initializer>
FNDA:9,add
FNDA:8,on
FNDA:1,once
FNDA:9,emit
FNDA:3,off
DA:1,1
DA:2,1
DA:3,1
DA:4,1
DA:5,9
DA:6,10
DA:7,9
DA:8,9
DA:9,1
DA:10,1
DA:11,8
DA:12,8
DA:13,1
DA:14,1
DA:15,1
DA:16,1
DA:17,1
DA:18,1
DA:19,9
DA:20,6
DA:21,6
DA:22,9
DA:23,9
DA:24,1
DA:25,1
DA:26,3
DA:27,1
DA:28,3
DA:29,2
DA:30,2
DA:31,1
DA:32,1
DA:33,1
DA:34,2
DA:35,1
DA:36,1
DA:37,2
DA:38,2
DA:39,3
DA:40,1
LF:40
LH:40
BRDA:2,0,0,5
BRDA:4,1,0,9
BRDA:5,2,0,10
BRDA:6,3,0,8
BRDA:10,4,0,8
BRDA:14,5,0,1
BRDA:18,6,0,9
BRDA:19,7,0,6
BRDA:21,8,0,1
BRDA:25,9,0,3
BRDA:26,10,0,1
BRDA:28,11,0,2
BRDA:29,12,0,2
BRDA:30,13,0,1
BRDA:33,14,0,2
BRDA:34,15,0,1
BRF:16
BRH:16
end_of_record
